<?xml version="1.0" encoding="UTF-8"?>
<!-- Generated by org.testng.reporters.JUnitReportReporter -->
<testsuite hostname="DESKTOP-37VOAJ4" failures="0" tests="7" name="com.nghiapd.mathutil.core.MathUtilDDTTest" time="0.189" errors="0" timestamp="14 thg 10 2022 03:12:25 GMT" skipped="0">
  <testcase classname="com.nghiapd.mathutil.core.MathUtilDDTTest" name="testFactorialGivenRightArgumentReturnWell[3]" time="0.024"/>
  <testcase classname="com.nghiapd.mathutil.core.MathUtilDDTTest" name="testFactorialGivenRightArgumentReturnWell[0]" time="0.040"/>
  <testcase classname="com.nghiapd.mathutil.core.MathUtilDDTTest" name="testFactorialGivenRightArgumentReturnWell[5]" time="0.025"/>
  <testcase classname="com.nghiapd.mathutil.core.MathUtilDDTTest" name="testFactorialGivenRightArgumentReturnWell[6]" time="0.025"/>
  <testcase classname="com.nghiapd.mathutil.core.MathUtilDDTTest" name="testFactorialGivenRightArgumentReturnWell[1]" time="0.025"/>
  <testcase classname="com.nghiapd.mathutil.core.MathUtilDDTTest" name="testFactorialGivenRightArgumentReturnWell[2]" time="0.025"/>
  <testcase classname="com.nghiapd.mathutil.core.MathUtilDDTTest" name="testFactorialGivenRightArgumentReturnWell[4]" time="0.025"/>
</testsuite> <!-- com.nghiapd.mathutil.core.MathUtilDDTTest -->
