<?xml version="1.0" encoding="UTF-8"?>
<!-- Generated by org.testng.reporters.JUnitReportReporter -->
<testsuite hostname="DESKTOP-37VOAJ4" failures="0" tests="4" name="com.nghiapd.mathutil.core.MathutilTest" time="0.005" errors="0" timestamp="14 thg 10 2022 03:12:25 GMT" skipped="0">
  <testcase classname="com.nghiapd.mathutil.core.MathutilTest" name="testFactorialGivenWrongArgumentThrowsException" time="0.001"/>
  <testcase classname="com.nghiapd.mathutil.core.MathutilTest" name="tryAssert" time="0.001"/>
  <testcase classname="com.nghiapd.mathutil.core.MathutilTest" name="testFactorialGivenRightArgumentReturnsWell" time="0.002"/>
  <testcase classname="com.nghiapd.mathutil.core.MathutilTest" name="testFactorialGivenRightArgumentReturnsWell2" time="0.001"/>
</testsuite> <!-- com.nghiapd.mathutil.core.MathutilTest -->
